

Microchip Technology PIC18 Macro Assembler V1.40 build -251452761 
                                                                                                           Tue Feb  7 15:40:58 2017


     1                           
     2                           	; Microchip MPLAB XC8 C Compiler V1.40
     3                           	; Copyright (C) 1984-2016 HI-TECH Software
     4                           
     5                           	; Auto-generated runtime startup code for prelink stage.
     6                           
     7                           	;
     8                           	; Compiler options:
     9                           	;
    10                           	; --ERRFORMAT --WARNFORMAT --MSGFORMAT --CHIP=18F46K20 -DF46K20=1 -v \
    11                           	; -I./ pic18platform.c
    12                           	;
    13                           
    14                           
    15                           	processor	18F46K20
    16                           
    17                           	GLOBAL	_main,start
    18                           	FNROOT	_main
    19                           
    20  0000                     
    21                           	psect	config,class=CONFIG,delta=1,noexec
    22                           	psect	idloc,class=IDLOC,delta=1,noexec
    23                           	psect	const,class=CONST,delta=1,reloc=2,noexec
    24                           	psect	smallconst,class=SMALLCONST,delta=1,reloc=2,noexec
    25                           	psect	mediumconst,class=MEDIUMCONST,delta=1,reloc=2,noexec
    26                           	psect	rbss,class=COMRAM,space=1,noexec
    27                           	psect	bss,class=RAM,space=1,noexec
    28                           	psect	rdata,class=COMRAM,space=1,noexec
    29                           	psect	irdata,class=CODE,space=0,reloc=2,noexec
    30                           	psect	bss,class=RAM,space=1,noexec
    31                           	psect	data,class=RAM,space=1,noexec
    32                           	psect	idata,class=CODE,space=0,reloc=2,noexec
    33                           	psect	nvrram,class=COMRAM,space=1,noexec
    34                           	psect	nvbit,class=COMRAM,bit,space=1,noexec
    35                           	psect	temp,ovrld,class=COMRAM,space=1,noexec
    36                           	psect	struct,ovrld,class=COMRAM,space=1,noexec
    37                           	psect	rbit,class=COMRAM,bit,space=1,noexec
    38                           	psect	bigbss,class=BIGRAM,space=1,noexec
    39                           	psect	bigdata,class=BIGRAM,space=1,noexec
    40                           	psect	ibigdata,class=CODE,space=0,reloc=2,noexec
    41                           	psect	farbss,class=FARRAM,space=0,reloc=2,delta=1,noexec
    42                           	psect	nvFARRAM,class=FARRAM,space=0,reloc=2,delta=1,noexec
    43                           	psect	fardata,class=FARRAM,space=0,reloc=2,delta=1,noexec
    44                           	psect	ifardata,class=CODE,space=0,reloc=2,delta=1,noexec
    45                           
    46                           	psect	reset_vec,class=CODE,delta=1,reloc=2
    47                           	psect	powerup,class=CODE,delta=1,reloc=2
    48                           	psect	init,class=CODE,delta=1,reloc=2
    49                           	psect	text,class=CODE,delta=1,reloc=2
    50                           GLOBAL	intlevel0,intlevel1,intlevel2
    51                           intlevel0:
    52  0000'                    intlevel1:
    53  0000'                    intlevel2:
    54  0000'                    GLOBAL	intlevel3
    55                           intlevel3:
    56  0000'                    	psect	clrtext,class=CODE,delta=1,reloc=2
    57                           
    58                           	psect	intcode,class=CODE,delta=1,reloc=2
    59                           	psect	intcode_body,class=CODE,delta=1,reloc=2
    60                           	psect	intcodelo,class=CODE,delta=1,reloc=2
    61                           	psect	intret,class=CODE,delta=1,reloc=2
    62                           	psect	intentry,class=CODE,delta=1,reloc=2
    63                           	psect	intsave_regs,class=BIGRAM,space=1
    64                           
    65                           	psect	eeprom_data,class=EEDATA,delta=1,noexec
    66                           	psect	smallconst
    67                           	GLOBAL	__smallconst
    68                           __smallconst:
    69  0000'                    	psect	mediumconst
    70                           	GLOBAL	__mediumconst
    71                           __mediumconst:
    72  0000'                    wreg	EQU	0FE8h
    73  0000                     fsr0l	EQU	0FE9h
    74  0000                     fsr0h	EQU	0FEAh
    75  0000                     fsr1l	EQU	0FE1h
    76  0000                     fsr1h	EQU	0FE2h
    77  0000                     fsr2l	EQU	0FD9h
    78  0000                     fsr2h	EQU	0FDAh
    79  0000                     postinc0	EQU	0FEEh
    80  0000                     postdec0	EQU	0FEDh
    81  0000                     postinc1	EQU	0FE6h
    82  0000                     postdec1	EQU	0FE5h
    83  0000                     postinc2	EQU	0FDEh
    84  0000                     postdec2	EQU	0FDDh
    85  0000                     tblptrl	EQU	0FF6h
    86  0000                     tblptrh	EQU	0FF7h
    87  0000                     tblptru	EQU	0FF8h
    88  0000                     tablat		EQU	0FF5h
    89  0000                     
    90                           	PSECT	ramtop,class=RAM,noexec
    91                           	GLOBAL	__S1			; top of RAM usage
    92                           	GLOBAL	__ramtop
    93                           	GLOBAL	__LRAM,__HRAM
    94                           __ramtop:
    95  0000'                    
    96                           	psect	reset_vec
    97                           reset_vec:
    98  0000'                    	; No powerup routine
    99                           	; No interrupt routine
   100                           	GLOBAL __accesstop
   101                           __accesstop EQU 96
   102  0000                     
   103                           ;Initialize the stack pointer (FSR1)
   104                           	global stacklo, stackhi
   105                           	stacklo	equ	0
   106  0000                     	stackhi	equ	0
   107  0000                     
   108                           
   109                           	psect	stack,class=STACK,space=2,noexec
   110                           	global ___sp,___inthi_sp,___intlo_sp
   111                           ___sp:
   112  0000'                    ___inthi_sp:
   113  0000'                    ___intlo_sp:
   114  0000'                    
   115                           
   116                           	psect	init
   117                           start:
   118  0000'                    	global start_initialization
   119                           	goto start_initialization	;jump to C runtime clear & initialization
   120  0000' EF00' F000'        


Microchip Technology PIC18 Macro Assembler V1.40 build -251452761 
Symbol Table                                                                                               Tue Feb  7 15:40:58 2017

                __S1 000000*                ___sp 000000                 _main 000000*                start 000000  
              __HRAM 000000*               __LRAM 000000*        __mediumconst 000000               stackhi 000000  
             stacklo 000000           __accesstop 000060           ___inthi_sp 000000           ___intlo_sp 000000  
            __ramtop 000000  start_initialization 000000*         __smallconst 000000             intlevel0 000000  
           intlevel1 000000             intlevel2 000000             intlevel3 000000             reset_vec 000000  
